<?xml version="1.0" encoding="UTF-8"?>
<testng-results ignored="0" total="1" passed="1" failed="0" skipped="0">
  <reporter-output>
  </reporter-output>
  <suite started-at="2023-04-09T21:52:47 IST" name="Default suite" finished-at="2023-04-09T21:52:47 IST" duration-ms="375">
    <groups>
    </groups>
    <test started-at="2023-04-09T21:52:47 IST" name="Default test" finished-at="2023-04-09T21:52:47 IST" duration-ms="375">
      <class name="PS">
        <test-method signature="testrun()[pri:0, instance:PS@3e11f9e9]" started-at="2023-04-09T21:52:47 IST" name="testrun" finished-at="2023-04-09T21:52:47 IST" duration-ms="48" status="PASS">
          <reporter-output>
          </reporter-output>
        </test-method> <!-- testrun -->
      </class> <!-- PS -->
    </test> <!-- Default test -->
  </suite> <!-- Default suite -->
</testng-results>
